0 info it worked if it ends with ok
1 verbose cli [ '/usr/bin/node', '/usr/bin/npm', 'install', 'd3' ]
2 info using npm@2.1.6
3 info using node@v0.11.15
4 verbose node symlink /usr/bin/node
5 warn package.json Client@1.0.0 No description
6 warn package.json Client@1.0.0 No repository field.
7 warn package.json Client@1.0.0 No README data
8 silly cache add args [ 'd3', null ]
9 verbose cache add spec d3
10 silly cache add parsed spec { raw: 'd3',
10 silly cache add   scope: null,
10 silly cache add   name: 'd3',
10 silly cache add   rawSpec: '',
10 silly cache add   spec: '*',
10 silly cache add   type: 'range' }
11 verbose addNamed d3@*
12 silly addNamed semver.valid null
13 silly addNamed semver.validRange *
14 silly addNameRange { name: 'd3', range: '*', hasData: false }
15 verbose mapToRegistry name d3
16 verbose mapToRegistry uri https://registry.npmjs.org/d3
17 verbose addNameRange registry:https://registry.npmjs.org/d3 not in flight; fetching
18 verbose request on initialization, where is /d3
19 verbose request after pass 1, where is /d3
20 verbose request url raw /d3
21 verbose request resolving registry [ 'https://registry.npmjs.org/d3', './d3' ]
22 verbose request after pass 2, where is https://registry.npmjs.org/d3
23 verbose request no auth needed
24 info attempt registry request try #1 at 11:25:04
25 verbose request id ebe03773d1c32de2
26 http request GET https://registry.npmjs.org/d3
27 info retry will retry, error on last attempt: Error: tunneling socket could not be established, cause=Parse Error
28 info attempt registry request try #2 at 11:25:15
29 http request GET https://registry.npmjs.org/d3
30 info retry will retry, error on last attempt: Error: tunneling socket could not be established, cause=Parse Error
31 info attempt registry request try #3 at 11:26:15
32 http request GET https://registry.npmjs.org/d3
33 verbose stack Error: tunneling socket could not be established, cause=Parse Error
33 verbose stack     at ClientRequest.onError (/usr/lib/node_modules/npm/node_modules/request/node_modules/tunnel-agent/index.js:168:17)
33 verbose stack     at ClientRequest.g (events.js:199:16)
33 verbose stack     at ClientRequest.emit (events.js:107:17)
33 verbose stack     at Socket.socketOnData (_http_client.js:315:9)
33 verbose stack     at Socket.emit (events.js:107:17)
33 verbose stack     at readableAddChunk (_stream_readable.js:163:16)
33 verbose stack     at Socket.Readable.push (_stream_readable.js:126:10)
33 verbose stack     at TCP.onread (net.js:529:20)
34 verbose cwd /home/osgdev/Documents/Skill_Gap/Client
35 error Linux 4.2.0-41-generic
36 error argv "/usr/bin/node" "/usr/bin/npm" "install" "d3"
37 error node v0.11.15
38 error npm  v2.1.6
39 error code ECONNRESET
40 error network tunneling socket could not be established, cause=Parse Error
40 error network This is most likely not a problem with npm itself
40 error network and is related to network connectivity.
40 error network In most cases you are behind a proxy or have bad network settings.
40 error network
40 error network If you are behind a proxy, please make sure that the
40 error network 'proxy' config is set properly.  See: 'npm help config'
41 verbose exit [ 1, true ]
